2020-03-21 22:28:10.724  INFO 15120 --- [main] c.flagship.multidbJdbcStartup.AppTests   : Starting AppTests on admin-HP with PID 15120 (started by admin in D:\java_projects\MultidbJdbcStartup)
2020-03-21 22:28:10.726  INFO 15120 --- [main] c.flagship.multidbJdbcStartup.AppTests   : No active profile set, falling back to default profiles: default
2020-03-21 22:28:10.946  INFO 15120 --- [main] o.s.w.c.s.GenericWebApplicationContext   : Refreshing org.springframework.web.context.support.GenericWebApplicationContext@15888343: startup date [Sat Mar 21 22:28:10 CST 2020]; root of context hierarchy
2020-03-21 22:28:12.739  INFO 15120 --- [main] o.s.w.s.handler.SimpleUrlHandlerMapping  : Mapped URL path [/**/favicon.ico] onto handler of type [class org.springframework.web.servlet.resource.ResourceHttpRequestHandler]
2020-03-21 22:28:13.002  INFO 15120 --- [main] s.w.s.m.m.a.RequestMappingHandlerAdapter : Looking for @ControllerAdvice: org.springframework.web.context.support.GenericWebApplicationContext@15888343: startup date [Sat Mar 21 22:28:10 CST 2020]; root of context hierarchy
2020-03-21 22:28:13.115  INFO 15120 --- [main] s.w.s.m.m.a.RequestMappingHandlerMapping : Mapped "{[/list]}" onto public void com.flagship.multidbJdbcStartup.controller.JdbcMultidbController.list()
2020-03-21 22:28:13.119  INFO 15120 --- [main] s.w.s.m.m.a.RequestMappingHandlerMapping : Mapped "{[/error]}" onto public org.springframework.http.ResponseEntity<java.util.Map<java.lang.String, java.lang.Object>> org.springframework.boot.autoconfigure.web.servlet.error.BasicErrorController.error(javax.servlet.http.HttpServletRequest)
2020-03-21 22:28:13.120  INFO 15120 --- [main] s.w.s.m.m.a.RequestMappingHandlerMapping : Mapped "{[/error],produces=[text/html]}" onto public org.springframework.web.servlet.ModelAndView org.springframework.boot.autoconfigure.web.servlet.error.BasicErrorController.errorHtml(javax.servlet.http.HttpServletRequest,javax.servlet.http.HttpServletResponse)
2020-03-21 22:28:13.165  INFO 15120 --- [main] o.s.w.s.handler.SimpleUrlHandlerMapping  : Mapped URL path [/webjars/**] onto handler of type [class org.springframework.web.servlet.resource.ResourceHttpRequestHandler]
2020-03-21 22:28:13.165  INFO 15120 --- [main] o.s.w.s.handler.SimpleUrlHandlerMapping  : Mapped URL path [/**] onto handler of type [class org.springframework.web.servlet.resource.ResourceHttpRequestHandler]
2020-03-21 22:28:13.534  INFO 15120 --- [main] c.flagship.multidbJdbcStartup.AppTests   : Started AppTests in 4.251 seconds (JVM running for 6.107)
2020-03-21 22:28:13.688  INFO 15120 --- [main] com.zaxxer.hikari.HikariDataSource       : HikariPool-1 - Starting...
2020-03-21 22:28:15.338  INFO 15120 --- [main] com.zaxxer.hikari.HikariDataSource       : HikariPool-1 - Start completed.
2020-03-21 22:28:15.375  INFO 15120 --- [main] com.zaxxer.hikari.HikariDataSource       : HikariPool-2 - Starting...
2020-03-21 22:28:15.439  INFO 15120 --- [main] com.zaxxer.hikari.HikariDataSource       : HikariPool-2 - Start completed.
2020-03-21 22:28:15.458  INFO 15120 --- [Thread-2] o.s.w.c.s.GenericWebApplicationContext   : Closing org.springframework.web.context.support.GenericWebApplicationContext@15888343: startup date [Sat Mar 21 22:28:10 CST 2020]; root of context hierarchy
2020-03-21 22:28:15.465  INFO 15120 --- [Thread-2] com.zaxxer.hikari.HikariDataSource       : HikariPool-2 - Shutdown initiated...
2020-03-21 22:28:15.489  INFO 15120 --- [Thread-2] com.zaxxer.hikari.HikariDataSource       : HikariPool-2 - Shutdown completed.
2020-03-21 22:28:15.490  INFO 15120 --- [Thread-2] com.zaxxer.hikari.HikariDataSource       : HikariPool-1 - Shutdown initiated...
2020-03-21 22:28:15.535  INFO 15120 --- [Thread-2] com.zaxxer.hikari.HikariDataSource       : HikariPool-1 - Shutdown completed.
2020-03-21 22:40:15.247  INFO 7264 --- [main] c.flagship.multidbJdbcStartup.AppTests   : Starting AppTests on admin-HP with PID 7264 (started by admin in D:\java_projects\MultidbJdbcStartup)
2020-03-21 22:40:15.251  INFO 7264 --- [main] c.flagship.multidbJdbcStartup.AppTests   : No active profile set, falling back to default profiles: default
2020-03-21 22:40:15.383  INFO 7264 --- [main] o.s.w.c.s.GenericWebApplicationContext   : Refreshing org.springframework.web.context.support.GenericWebApplicationContext@13e3c1c7: startup date [Sat Mar 21 22:40:15 CST 2020]; root of context hierarchy
2020-03-21 22:40:29.221  INFO 7264 --- [main] o.s.w.s.handler.SimpleUrlHandlerMapping  : Mapped URL path [/**/favicon.ico] onto handler of type [class org.springframework.web.servlet.resource.ResourceHttpRequestHandler]
2020-03-21 22:40:30.010  INFO 7264 --- [main] s.w.s.m.m.a.RequestMappingHandlerAdapter : Looking for @ControllerAdvice: org.springframework.web.context.support.GenericWebApplicationContext@13e3c1c7: startup date [Sat Mar 21 22:40:15 CST 2020]; root of context hierarchy
2020-03-21 22:40:30.319  INFO 7264 --- [main] s.w.s.m.m.a.RequestMappingHandlerMapping : Mapped "{[/list]}" onto public void com.flagship.multidbJdbcStartup.controller.JdbcMultidbController.list()
2020-03-21 22:40:30.325  INFO 7264 --- [main] s.w.s.m.m.a.RequestMappingHandlerMapping : Mapped "{[/error]}" onto public org.springframework.http.ResponseEntity<java.util.Map<java.lang.String, java.lang.Object>> org.springframework.boot.autoconfigure.web.servlet.error.BasicErrorController.error(javax.servlet.http.HttpServletRequest)
2020-03-21 22:40:30.327  INFO 7264 --- [main] s.w.s.m.m.a.RequestMappingHandlerMapping : Mapped "{[/error],produces=[text/html]}" onto public org.springframework.web.servlet.ModelAndView org.springframework.boot.autoconfigure.web.servlet.error.BasicErrorController.errorHtml(javax.servlet.http.HttpServletRequest,javax.servlet.http.HttpServletResponse)
2020-03-21 22:40:30.411  INFO 7264 --- [main] o.s.w.s.handler.SimpleUrlHandlerMapping  : Mapped URL path [/webjars/**] onto handler of type [class org.springframework.web.servlet.resource.ResourceHttpRequestHandler]
2020-03-21 22:40:30.412  INFO 7264 --- [main] o.s.w.s.handler.SimpleUrlHandlerMapping  : Mapped URL path [/**] onto handler of type [class org.springframework.web.servlet.resource.ResourceHttpRequestHandler]
2020-03-21 22:40:31.159  INFO 7264 --- [main] c.flagship.multidbJdbcStartup.AppTests   : Started AppTests in 17.163 seconds (JVM running for 27.223)
2020-03-21 22:40:32.026  INFO 7264 --- [main] com.zaxxer.hikari.HikariDataSource       : HikariPool-1 - Starting...
2020-03-21 22:40:36.400  INFO 7264 --- [main] com.zaxxer.hikari.HikariDataSource       : HikariPool-1 - Start completed.
2020-03-21 22:44:30.717  WARN 7264 --- [HikariPool-1 housekeeper] com.zaxxer.hikari.pool.HikariPool        : HikariPool-1 - Thread starvation or clock leap detected (housekeeper delta=4m24s306ms553µs685ns).
2020-03-21 22:45:02.541  INFO 7264 --- [Thread-2] o.s.w.c.s.GenericWebApplicationContext   : Closing org.springframework.web.context.support.GenericWebApplicationContext@13e3c1c7: startup date [Sat Mar 21 22:40:15 CST 2020]; root of context hierarchy
2020-03-21 22:45:02.550  INFO 7264 --- [Thread-2] com.zaxxer.hikari.HikariDataSource       : HikariPool-1 - Shutdown initiated...
2020-03-21 22:45:02.773  INFO 7264 --- [Thread-2] com.zaxxer.hikari.HikariDataSource       : HikariPool-1 - Shutdown completed.
2020-03-21 22:50:21.958  INFO 13456 --- [main] c.flagship.multidbJdbcStartup.AppTests   : Starting AppTests on admin-HP with PID 13456 (started by admin in D:\java_projects\MultidbJdbcStartup)
2020-03-21 22:50:21.960  INFO 13456 --- [main] c.flagship.multidbJdbcStartup.AppTests   : No active profile set, falling back to default profiles: default
2020-03-21 22:50:22.052  INFO 13456 --- [main] o.s.w.c.s.GenericWebApplicationContext   : Refreshing org.springframework.web.context.support.GenericWebApplicationContext@7a6d7e92: startup date [Sat Mar 21 22:50:22 CST 2020]; root of context hierarchy
2020-03-21 22:50:24.702  INFO 13456 --- [main] o.s.w.s.handler.SimpleUrlHandlerMapping  : Mapped URL path [/**/favicon.ico] onto handler of type [class org.springframework.web.servlet.resource.ResourceHttpRequestHandler]
2020-03-21 22:50:24.984  INFO 13456 --- [main] s.w.s.m.m.a.RequestMappingHandlerAdapter : Looking for @ControllerAdvice: org.springframework.web.context.support.GenericWebApplicationContext@7a6d7e92: startup date [Sat Mar 21 22:50:22 CST 2020]; root of context hierarchy
2020-03-21 22:50:25.102  INFO 13456 --- [main] s.w.s.m.m.a.RequestMappingHandlerMapping : Mapped "{[/list]}" onto public void com.flagship.multidbJdbcStartup.controller.JdbcMultidbController.list()
2020-03-21 22:50:25.107  INFO 13456 --- [main] s.w.s.m.m.a.RequestMappingHandlerMapping : Mapped "{[/error]}" onto public org.springframework.http.ResponseEntity<java.util.Map<java.lang.String, java.lang.Object>> org.springframework.boot.autoconfigure.web.servlet.error.BasicErrorController.error(javax.servlet.http.HttpServletRequest)
2020-03-21 22:50:25.108  INFO 13456 --- [main] s.w.s.m.m.a.RequestMappingHandlerMapping : Mapped "{[/error],produces=[text/html]}" onto public org.springframework.web.servlet.ModelAndView org.springframework.boot.autoconfigure.web.servlet.error.BasicErrorController.errorHtml(javax.servlet.http.HttpServletRequest,javax.servlet.http.HttpServletResponse)
2020-03-21 22:50:25.145  INFO 13456 --- [main] o.s.w.s.handler.SimpleUrlHandlerMapping  : Mapped URL path [/webjars/**] onto handler of type [class org.springframework.web.servlet.resource.ResourceHttpRequestHandler]
2020-03-21 22:50:25.146  INFO 13456 --- [main] o.s.w.s.handler.SimpleUrlHandlerMapping  : Mapped URL path [/**] onto handler of type [class org.springframework.web.servlet.resource.ResourceHttpRequestHandler]
2020-03-21 22:50:25.466  INFO 13456 --- [main] c.flagship.multidbJdbcStartup.AppTests   : Started AppTests in 4.572 seconds (JVM running for 6.566)
2020-03-21 22:50:25.587  INFO 13456 --- [main] com.zaxxer.hikari.HikariDataSource       : HikariPool-1 - Starting...
2020-03-21 22:50:27.231  INFO 13456 --- [main] com.zaxxer.hikari.HikariDataSource       : HikariPool-1 - Start completed.
2020-03-21 22:50:27.245  INFO 13456 --- [Thread-2] o.s.w.c.s.GenericWebApplicationContext   : Closing org.springframework.web.context.support.GenericWebApplicationContext@7a6d7e92: startup date [Sat Mar 21 22:50:22 CST 2020]; root of context hierarchy
2020-03-21 22:50:27.251  INFO 13456 --- [Thread-2] com.zaxxer.hikari.HikariDataSource       : HikariPool-1 - Shutdown initiated...
2020-03-21 22:50:27.258  INFO 13456 --- [Thread-2] com.zaxxer.hikari.HikariDataSource       : HikariPool-1 - Shutdown completed.
2020-03-21 23:00:16.202  INFO 2996 --- [main] c.flagship.multidbJdbcStartup.AppTests   : Starting AppTests on admin-HP with PID 2996 (started by admin in D:\java_projects\MultidbJdbcStartup)
2020-03-21 23:00:16.294  INFO 2996 --- [main] c.flagship.multidbJdbcStartup.AppTests   : No active profile set, falling back to default profiles: default
2020-03-21 23:00:16.363  INFO 2996 --- [main] o.s.w.c.s.GenericWebApplicationContext   : Refreshing org.springframework.web.context.support.GenericWebApplicationContext@5884a914: startup date [Sat Mar 21 23:00:16 CST 2020]; root of context hierarchy
2020-03-21 23:00:18.694  INFO 2996 --- [main] o.s.w.s.handler.SimpleUrlHandlerMapping  : Mapped URL path [/**/favicon.ico] onto handler of type [class org.springframework.web.servlet.resource.ResourceHttpRequestHandler]
2020-03-21 23:00:19.016  INFO 2996 --- [main] s.w.s.m.m.a.RequestMappingHandlerAdapter : Looking for @ControllerAdvice: org.springframework.web.context.support.GenericWebApplicationContext@5884a914: startup date [Sat Mar 21 23:00:16 CST 2020]; root of context hierarchy
2020-03-21 23:00:19.125  INFO 2996 --- [main] s.w.s.m.m.a.RequestMappingHandlerMapping : Mapped "{[/list]}" onto public void com.flagship.multidbJdbcStartup.controller.JdbcMultidbController.list()
2020-03-21 23:00:19.129  INFO 2996 --- [main] s.w.s.m.m.a.RequestMappingHandlerMapping : Mapped "{[/error]}" onto public org.springframework.http.ResponseEntity<java.util.Map<java.lang.String, java.lang.Object>> org.springframework.boot.autoconfigure.web.servlet.error.BasicErrorController.error(javax.servlet.http.HttpServletRequest)
2020-03-21 23:00:19.130  INFO 2996 --- [main] s.w.s.m.m.a.RequestMappingHandlerMapping : Mapped "{[/error],produces=[text/html]}" onto public org.springframework.web.servlet.ModelAndView org.springframework.boot.autoconfigure.web.servlet.error.BasicErrorController.errorHtml(javax.servlet.http.HttpServletRequest,javax.servlet.http.HttpServletResponse)
2020-03-21 23:00:19.169  INFO 2996 --- [main] o.s.w.s.handler.SimpleUrlHandlerMapping  : Mapped URL path [/webjars/**] onto handler of type [class org.springframework.web.servlet.resource.ResourceHttpRequestHandler]
2020-03-21 23:00:19.169  INFO 2996 --- [main] o.s.w.s.handler.SimpleUrlHandlerMapping  : Mapped URL path [/**] onto handler of type [class org.springframework.web.servlet.resource.ResourceHttpRequestHandler]
2020-03-21 23:00:19.500  INFO 2996 --- [main] c.flagship.multidbJdbcStartup.AppTests   : Started AppTests in 4.957 seconds (JVM running for 8.122)
2020-03-21 23:00:19.713  INFO 2996 --- [main] com.zaxxer.hikari.HikariDataSource       : HikariPool-1 - Starting...
2020-03-21 23:00:21.254  INFO 2996 --- [main] com.zaxxer.hikari.HikariDataSource       : HikariPool-1 - Start completed.
2020-03-21 23:00:22.181  INFO 2996 --- [main] com.zaxxer.hikari.HikariDataSource       : HikariPool-2 - Starting...
2020-03-21 23:00:22.415  INFO 2996 --- [main] com.zaxxer.hikari.HikariDataSource       : HikariPool-2 - Start completed.
2020-03-21 23:00:22.466  INFO 2996 --- [Thread-2] o.s.w.c.s.GenericWebApplicationContext   : Closing org.springframework.web.context.support.GenericWebApplicationContext@5884a914: startup date [Sat Mar 21 23:00:16 CST 2020]; root of context hierarchy
2020-03-21 23:00:22.487  INFO 2996 --- [Thread-2] com.zaxxer.hikari.HikariDataSource       : HikariPool-2 - Shutdown initiated...
2020-03-21 23:00:22.508  INFO 2996 --- [Thread-2] com.zaxxer.hikari.HikariDataSource       : HikariPool-2 - Shutdown completed.
2020-03-21 23:00:22.513  INFO 2996 --- [Thread-2] com.zaxxer.hikari.HikariDataSource       : HikariPool-1 - Shutdown initiated...
2020-03-21 23:00:22.605  INFO 2996 --- [Thread-2] com.zaxxer.hikari.HikariDataSource       : HikariPool-1 - Shutdown completed.
2020-03-21 23:22:54.951  INFO 16324 --- [main] c.flagship.multidbJdbcStartup.AppTests   : Starting AppTests on admin-HP with PID 16324 (started by admin in D:\java_projects\MultidbStartup\MultidbJdbcStartup)
2020-03-21 23:22:54.953  INFO 16324 --- [main] c.flagship.multidbJdbcStartup.AppTests   : No active profile set, falling back to default profiles: default
2020-03-21 23:22:55.062  INFO 16324 --- [main] o.s.w.c.s.GenericWebApplicationContext   : Refreshing org.springframework.web.context.support.GenericWebApplicationContext@55de24cc: startup date [Sat Mar 21 23:22:55 CST 2020]; root of context hierarchy
2020-03-21 23:23:00.255  INFO 16324 --- [main] o.s.w.s.handler.SimpleUrlHandlerMapping  : Mapped URL path [/**/favicon.ico] onto handler of type [class org.springframework.web.servlet.resource.ResourceHttpRequestHandler]
2020-03-21 23:23:00.967  INFO 16324 --- [main] s.w.s.m.m.a.RequestMappingHandlerAdapter : Looking for @ControllerAdvice: org.springframework.web.context.support.GenericWebApplicationContext@55de24cc: startup date [Sat Mar 21 23:22:55 CST 2020]; root of context hierarchy
2020-03-21 23:23:01.232  INFO 16324 --- [main] s.w.s.m.m.a.RequestMappingHandlerMapping : Mapped "{[/list]}" onto public void com.flagship.multidbJdbcStartup.controller.JdbcMultidbController.list()
2020-03-21 23:23:01.238  INFO 16324 --- [main] s.w.s.m.m.a.RequestMappingHandlerMapping : Mapped "{[/error]}" onto public org.springframework.http.ResponseEntity<java.util.Map<java.lang.String, java.lang.Object>> org.springframework.boot.autoconfigure.web.servlet.error.BasicErrorController.error(javax.servlet.http.HttpServletRequest)
2020-03-21 23:23:01.240  INFO 16324 --- [main] s.w.s.m.m.a.RequestMappingHandlerMapping : Mapped "{[/error],produces=[text/html]}" onto public org.springframework.web.servlet.ModelAndView org.springframework.boot.autoconfigure.web.servlet.error.BasicErrorController.errorHtml(javax.servlet.http.HttpServletRequest,javax.servlet.http.HttpServletResponse)
2020-03-21 23:23:01.305  INFO 16324 --- [main] o.s.w.s.handler.SimpleUrlHandlerMapping  : Mapped URL path [/webjars/**] onto handler of type [class org.springframework.web.servlet.resource.ResourceHttpRequestHandler]
2020-03-21 23:23:01.306  INFO 16324 --- [main] o.s.w.s.handler.SimpleUrlHandlerMapping  : Mapped URL path [/**] onto handler of type [class org.springframework.web.servlet.resource.ResourceHttpRequestHandler]
2020-03-21 23:23:01.921  INFO 16324 --- [main] c.flagship.multidbJdbcStartup.AppTests   : Started AppTests in 8.602 seconds (JVM running for 13.22)
2020-03-21 23:23:02.439  INFO 16324 --- [main] com.zaxxer.hikari.HikariDataSource       : HikariPool-1 - Starting...
2020-03-21 23:23:05.690  INFO 16324 --- [main] com.zaxxer.hikari.HikariDataSource       : HikariPool-1 - Start completed.
2020-03-21 23:23:06.711  INFO 16324 --- [main] com.zaxxer.hikari.HikariDataSource       : HikariPool-2 - Starting...
2020-03-21 23:23:06.909  INFO 16324 --- [main] com.zaxxer.hikari.HikariDataSource       : HikariPool-2 - Start completed.
2020-03-21 23:23:07.019  INFO 16324 --- [Thread-2] o.s.w.c.s.GenericWebApplicationContext   : Closing org.springframework.web.context.support.GenericWebApplicationContext@55de24cc: startup date [Sat Mar 21 23:22:55 CST 2020]; root of context hierarchy
2020-03-21 23:23:07.069  INFO 16324 --- [Thread-2] com.zaxxer.hikari.HikariDataSource       : HikariPool-2 - Shutdown initiated...
2020-03-21 23:23:07.183  INFO 16324 --- [Thread-2] com.zaxxer.hikari.HikariDataSource       : HikariPool-2 - Shutdown completed.
2020-03-21 23:23:07.185  INFO 16324 --- [Thread-2] com.zaxxer.hikari.HikariDataSource       : HikariPool-1 - Shutdown initiated...
2020-03-21 23:23:07.339  INFO 16324 --- [Thread-2] com.zaxxer.hikari.HikariDataSource       : HikariPool-1 - Shutdown completed.
2020-03-22 16:34:03.611  INFO 13604 --- [main] c.flagship.multidbJdbcStartup.AppTests   : Starting AppTests on admin-HP with PID 13604 (started by admin in D:\java_projects\MultidbStartup\MultidbJdbcStartup)
2020-03-22 16:34:03.629  INFO 13604 --- [main] c.flagship.multidbJdbcStartup.AppTests   : No active profile set, falling back to default profiles: default
2020-03-22 16:34:03.959  INFO 13604 --- [main] o.s.w.c.s.GenericWebApplicationContext   : Refreshing org.springframework.web.context.support.GenericWebApplicationContext@50029372: startup date [Sun Mar 22 16:34:03 CST 2020]; root of context hierarchy
2020-03-22 16:34:16.555  INFO 13604 --- [main] o.s.w.s.handler.SimpleUrlHandlerMapping  : Mapped URL path [/**/favicon.ico] onto handler of type [class org.springframework.web.servlet.resource.ResourceHttpRequestHandler]
2020-03-22 16:34:17.246  INFO 13604 --- [main] s.w.s.m.m.a.RequestMappingHandlerAdapter : Looking for @ControllerAdvice: org.springframework.web.context.support.GenericWebApplicationContext@50029372: startup date [Sun Mar 22 16:34:03 CST 2020]; root of context hierarchy
2020-03-22 16:34:17.530  INFO 13604 --- [main] s.w.s.m.m.a.RequestMappingHandlerMapping : Mapped "{[/list]}" onto public void com.flagship.multidbJdbcStartup.controller.JdbcMultidbController.list()
2020-03-22 16:34:17.536  INFO 13604 --- [main] s.w.s.m.m.a.RequestMappingHandlerMapping : Mapped "{[/error]}" onto public org.springframework.http.ResponseEntity<java.util.Map<java.lang.String, java.lang.Object>> org.springframework.boot.autoconfigure.web.servlet.error.BasicErrorController.error(javax.servlet.http.HttpServletRequest)
2020-03-22 16:34:17.538  INFO 13604 --- [main] s.w.s.m.m.a.RequestMappingHandlerMapping : Mapped "{[/error],produces=[text/html]}" onto public org.springframework.web.servlet.ModelAndView org.springframework.boot.autoconfigure.web.servlet.error.BasicErrorController.errorHtml(javax.servlet.http.HttpServletRequest,javax.servlet.http.HttpServletResponse)
2020-03-22 16:34:17.610  INFO 13604 --- [main] o.s.w.s.handler.SimpleUrlHandlerMapping  : Mapped URL path [/webjars/**] onto handler of type [class org.springframework.web.servlet.resource.ResourceHttpRequestHandler]
2020-03-22 16:34:17.612  INFO 13604 --- [main] o.s.w.s.handler.SimpleUrlHandlerMapping  : Mapped URL path [/**] onto handler of type [class org.springframework.web.servlet.resource.ResourceHttpRequestHandler]
2020-03-22 16:34:18.307  INFO 13604 --- [main] c.flagship.multidbJdbcStartup.AppTests   : Started AppTests in 17.442 seconds (JVM running for 24.454)
2020-03-22 16:34:18.884  INFO 13604 --- [main] com.zaxxer.hikari.HikariDataSource       : HikariPool-1 - Starting...
2020-03-22 16:34:23.592  INFO 13604 --- [main] com.zaxxer.hikari.HikariDataSource       : HikariPool-1 - Start completed.
2020-03-22 16:34:24.475  INFO 13604 --- [main] com.zaxxer.hikari.HikariDataSource       : HikariPool-2 - Starting...
2020-03-22 16:34:24.881  INFO 13604 --- [main] com.zaxxer.hikari.HikariDataSource       : HikariPool-2 - Start completed.
2020-03-22 16:34:25.478  INFO 13604 --- [Thread-2] o.s.w.c.s.GenericWebApplicationContext   : Closing org.springframework.web.context.support.GenericWebApplicationContext@50029372: startup date [Sun Mar 22 16:34:03 CST 2020]; root of context hierarchy
2020-03-22 16:34:25.520  INFO 13604 --- [Thread-2] com.zaxxer.hikari.HikariDataSource       : HikariPool-2 - Shutdown initiated...
2020-03-22 16:34:25.825  INFO 13604 --- [Thread-2] com.zaxxer.hikari.HikariDataSource       : HikariPool-2 - Shutdown completed.
2020-03-22 16:34:25.827  INFO 13604 --- [Thread-2] com.zaxxer.hikari.HikariDataSource       : HikariPool-1 - Shutdown initiated...
2020-03-22 16:34:25.912  INFO 13604 --- [Thread-2] com.zaxxer.hikari.HikariDataSource       : HikariPool-1 - Shutdown completed.
2020-03-22 16:35:28.393  INFO 3704 --- [main] c.flagship.multidbJdbcStartup.AppTests   : Starting AppTests on admin-HP with PID 3704 (started by admin in D:\java_projects\MultidbStartup\MultidbJdbcStartup)
2020-03-22 16:35:28.395  INFO 3704 --- [main] c.flagship.multidbJdbcStartup.AppTests   : No active profile set, falling back to default profiles: default
2020-03-22 16:35:28.447  INFO 3704 --- [main] o.s.w.c.s.GenericWebApplicationContext   : Refreshing org.springframework.web.context.support.GenericWebApplicationContext@6e2829c7: startup date [Sun Mar 22 16:35:28 CST 2020]; root of context hierarchy
2020-03-22 16:35:30.853  INFO 3704 --- [main] o.s.w.s.handler.SimpleUrlHandlerMapping  : Mapped URL path [/**/favicon.ico] onto handler of type [class org.springframework.web.servlet.resource.ResourceHttpRequestHandler]
2020-03-22 16:35:31.146  INFO 3704 --- [main] s.w.s.m.m.a.RequestMappingHandlerAdapter : Looking for @ControllerAdvice: org.springframework.web.context.support.GenericWebApplicationContext@6e2829c7: startup date [Sun Mar 22 16:35:28 CST 2020]; root of context hierarchy
2020-03-22 16:35:31.250  INFO 3704 --- [main] s.w.s.m.m.a.RequestMappingHandlerMapping : Mapped "{[/list]}" onto public void com.flagship.multidbJdbcStartup.controller.JdbcMultidbController.list()
2020-03-22 16:35:31.253  INFO 3704 --- [main] s.w.s.m.m.a.RequestMappingHandlerMapping : Mapped "{[/error]}" onto public org.springframework.http.ResponseEntity<java.util.Map<java.lang.String, java.lang.Object>> org.springframework.boot.autoconfigure.web.servlet.error.BasicErrorController.error(javax.servlet.http.HttpServletRequest)
2020-03-22 16:35:31.255  INFO 3704 --- [main] s.w.s.m.m.a.RequestMappingHandlerMapping : Mapped "{[/error],produces=[text/html]}" onto public org.springframework.web.servlet.ModelAndView org.springframework.boot.autoconfigure.web.servlet.error.BasicErrorController.errorHtml(javax.servlet.http.HttpServletRequest,javax.servlet.http.HttpServletResponse)
2020-03-22 16:35:31.290  INFO 3704 --- [main] o.s.w.s.handler.SimpleUrlHandlerMapping  : Mapped URL path [/webjars/**] onto handler of type [class org.springframework.web.servlet.resource.ResourceHttpRequestHandler]
2020-03-22 16:35:31.291  INFO 3704 --- [main] o.s.w.s.handler.SimpleUrlHandlerMapping  : Mapped URL path [/**] onto handler of type [class org.springframework.web.servlet.resource.ResourceHttpRequestHandler]
2020-03-22 16:35:31.637  INFO 3704 --- [main] c.flagship.multidbJdbcStartup.AppTests   : Started AppTests in 4.415 seconds (JVM running for 7.965)
2020-03-22 16:35:31.809  INFO 3704 --- [main] com.zaxxer.hikari.HikariDataSource       : HikariPool-1 - Starting...
2020-03-22 16:35:33.426  INFO 3704 --- [main] com.zaxxer.hikari.HikariDataSource       : HikariPool-1 - Start completed.
2020-03-22 16:35:34.258  INFO 3704 --- [main] com.zaxxer.hikari.HikariDataSource       : HikariPool-2 - Starting...
2020-03-22 16:35:34.494  INFO 3704 --- [main] com.zaxxer.hikari.HikariDataSource       : HikariPool-2 - Start completed.
2020-03-22 16:35:34.621  INFO 3704 --- [Thread-2] o.s.w.c.s.GenericWebApplicationContext   : Closing org.springframework.web.context.support.GenericWebApplicationContext@6e2829c7: startup date [Sun Mar 22 16:35:28 CST 2020]; root of context hierarchy
2020-03-22 16:35:34.681  INFO 3704 --- [Thread-2] com.zaxxer.hikari.HikariDataSource       : HikariPool-2 - Shutdown initiated...
2020-03-22 16:35:34.979  INFO 3704 --- [Thread-2] com.zaxxer.hikari.HikariDataSource       : HikariPool-2 - Shutdown completed.
2020-03-22 16:35:34.982  INFO 3704 --- [Thread-2] com.zaxxer.hikari.HikariDataSource       : HikariPool-1 - Shutdown initiated...
2020-03-22 16:35:35.129  INFO 3704 --- [Thread-2] com.zaxxer.hikari.HikariDataSource       : HikariPool-1 - Shutdown completed.
2020-03-22 16:39:10.940  INFO 9268 --- [main] c.flagship.multidbJdbcStartup.AppTests   : Starting AppTests on admin-HP with PID 9268 (started by admin in D:\java_projects\MultidbStartup\MultidbJdbcStartup)
2020-03-22 16:39:10.942  INFO 9268 --- [main] c.flagship.multidbJdbcStartup.AppTests   : No active profile set, falling back to default profiles: default
2020-03-22 16:39:11.034  INFO 9268 --- [main] o.s.w.c.s.GenericWebApplicationContext   : Refreshing org.springframework.web.context.support.GenericWebApplicationContext@e3b3b2f: startup date [Sun Mar 22 16:39:11 CST 2020]; root of context hierarchy
2020-03-22 16:39:13.324  INFO 9268 --- [main] o.s.w.s.handler.SimpleUrlHandlerMapping  : Mapped URL path [/**/favicon.ico] onto handler of type [class org.springframework.web.servlet.resource.ResourceHttpRequestHandler]
2020-03-22 16:39:13.576  INFO 9268 --- [main] s.w.s.m.m.a.RequestMappingHandlerAdapter : Looking for @ControllerAdvice: org.springframework.web.context.support.GenericWebApplicationContext@e3b3b2f: startup date [Sun Mar 22 16:39:11 CST 2020]; root of context hierarchy
2020-03-22 16:39:13.679  INFO 9268 --- [main] s.w.s.m.m.a.RequestMappingHandlerMapping : Mapped "{[/list]}" onto public void com.flagship.multidbJdbcStartup.controller.JdbcMultidbController.list()
2020-03-22 16:39:13.683  INFO 9268 --- [main] s.w.s.m.m.a.RequestMappingHandlerMapping : Mapped "{[/error]}" onto public org.springframework.http.ResponseEntity<java.util.Map<java.lang.String, java.lang.Object>> org.springframework.boot.autoconfigure.web.servlet.error.BasicErrorController.error(javax.servlet.http.HttpServletRequest)
2020-03-22 16:39:13.686  INFO 9268 --- [main] s.w.s.m.m.a.RequestMappingHandlerMapping : Mapped "{[/error],produces=[text/html]}" onto public org.springframework.web.servlet.ModelAndView org.springframework.boot.autoconfigure.web.servlet.error.BasicErrorController.errorHtml(javax.servlet.http.HttpServletRequest,javax.servlet.http.HttpServletResponse)
2020-03-22 16:39:13.724  INFO 9268 --- [main] o.s.w.s.handler.SimpleUrlHandlerMapping  : Mapped URL path [/webjars/**] onto handler of type [class org.springframework.web.servlet.resource.ResourceHttpRequestHandler]
2020-03-22 16:39:13.725  INFO 9268 --- [main] o.s.w.s.handler.SimpleUrlHandlerMapping  : Mapped URL path [/**] onto handler of type [class org.springframework.web.servlet.resource.ResourceHttpRequestHandler]
2020-03-22 16:39:14.203  INFO 9268 --- [main] c.flagship.multidbJdbcStartup.AppTests   : Started AppTests in 3.98 seconds (JVM running for 5.392)
2020-03-22 16:39:14.543  INFO 9268 --- [main] com.zaxxer.hikari.HikariDataSource       : HikariPool-1 - Starting...
2020-03-22 16:39:17.023  INFO 9268 --- [main] com.zaxxer.hikari.HikariDataSource       : HikariPool-1 - Start completed.
2020-03-22 16:39:17.657  INFO 9268 --- [main] com.zaxxer.hikari.HikariDataSource       : HikariPool-2 - Starting...
2020-03-22 16:39:17.824  INFO 9268 --- [main] com.zaxxer.hikari.HikariDataSource       : HikariPool-2 - Start completed.
2020-03-22 16:39:18.274  INFO 9268 --- [Thread-2] o.s.w.c.s.GenericWebApplicationContext   : Closing org.springframework.web.context.support.GenericWebApplicationContext@e3b3b2f: startup date [Sun Mar 22 16:39:11 CST 2020]; root of context hierarchy
2020-03-22 16:39:18.302  INFO 9268 --- [Thread-2] com.zaxxer.hikari.HikariDataSource       : HikariPool-2 - Shutdown initiated...
2020-03-22 16:39:18.347  INFO 9268 --- [Thread-2] com.zaxxer.hikari.HikariDataSource       : HikariPool-2 - Shutdown completed.
2020-03-22 16:39:18.357  INFO 9268 --- [Thread-2] com.zaxxer.hikari.HikariDataSource       : HikariPool-1 - Shutdown initiated...
2020-03-22 16:39:18.613  INFO 9268 --- [Thread-2] com.zaxxer.hikari.HikariDataSource       : HikariPool-1 - Shutdown completed.
